# JRE version: OpenJDK Runtime Environment JBR-11.0.12.7-1504.40-jcef (11.0.12+7) (build 11.0.12+7-b1504.40)
# Java VM: OpenJDK 64-Bit Server VM JBR-11.0.12.7-1504.40-jcef (11.0.12+7-b1504.40, mixed mode, tiered, compressed oops, g1 gc, windows-amd64)
Heap:
 garbage-first heap   total 287744K, used 214239K [0x00000000c0c00000, 0x0000000100000000)
  region size 1024K, 33 young (33792K), 1 survivors (1024K)
 Metaspace       used 207080K, capacity 213171K, committed 217836K, reserved 1239040K
  class space    used 24683K, capacity 27039K, committed 28592K, reserved 1048576K
GC Heap History (20 events):
Event: 15.497 GC heap before
{Heap before GC invocations=38 (full 0):
 garbage-first heap   total 224256K, used 175644K [0x00000000c0c00000, 0x0000000100000000)
  region size 1024K, 46 young (47104K), 6 survivors (6144K)
 Metaspace       used 150727K, capacity 155610K, committed 155788K, reserved 1185792K
  class space    used 17802K, capacity 19848K, committed 19940K, reserved 1048576K
}
Event: 15.532 GC heap after
{Heap after GC invocations=39 (full 0):
 garbage-first heap   total 224256K, used 142072K [0x00000000c0c00000, 0x0000000100000000)
  region size 1024K, 6 young (6144K), 6 survivors (6144K)
 Metaspace       used 150727K, capacity 155610K, committed 155788K, reserved 1185792K
  class space    used 17802K, capacity 19848K, committed 19940K, reserved 1048576K
}
Event: 16.501 GC heap before
{Heap before GC invocations=39 (full 0):
 garbage-first heap   total 224256K, used 186104K [0x00000000c0c00000, 0x0000000100000000)
  region size 1024K, 44 young (45056K), 6 survivors (6144K)
 Metaspace       used 158632K, capacity 164063K, committed 164364K, reserved 1191936K
  class space    used 18817K, capacity 21013K, committed 21092K, reserved 1048576K
}
Event: 16.523 GC heap after
{Heap after GC invocations=40 (full 0):
 garbage-first heap   total 224256K, used 154394K [0x00000000c0c00000, 0x0000000100000000)
  region size 1024K, 6 young (6144K), 6 survivors (6144K)
 Metaspace       used 158632K, capacity 164063K, committed 164364K, reserved 1191936K
  class space    used 18817K, capacity 21013K, committed 21092K, reserved 1048576K
}
Event: 17.966 GC heap before
{Heap before GC invocations=40 (full 0):
 garbage-first heap   total 224256K, used 184090K [0x00000000c0c00000, 0x0000000100000000)
  region size 1024K, 36 young (36864K), 6 survivors (6144K)
 Metaspace       used 168358K, capacity 174168K, committed 174476K, reserved 1202176K
  class space    used 20020K, capacity 22371K, committed 22500K, reserved 1048576K
}
Event: 17.981 GC heap after
{Heap after GC invocations=41 (full 0):
 garbage-first heap   total 287744K, used 158720K [0x00000000c0c00000, 0x0000000100000000)
  region size 1024K, 4 young (4096K), 4 survivors (4096K)
 Metaspace       used 168358K, capacity 174168K, committed 174476K, reserved 1202176K
  class space    used 20020K, capacity 22371K, committed 22500K, reserved 1048576K
}
Event: 19.018 GC heap before
{Heap before GC invocations=41 (full 0):
 garbage-first heap   total 287744K, used 207872K [0x00000000c0c00000, 0x0000000100000000)
  region size 1024K, 53 young (54272K), 4 survivors (4096K)
 Metaspace       used 179513K, capacity 186114K, committed 186380K, reserved 1212416K
  class space    used 21707K, capacity 24378K, committed 24420K, reserved 1048576K
}
Event: 19.032 GC heap after
{Heap after GC invocations=42 (full 0):
 garbage-first heap   total 287744K, used 164461K [0x00000000c0c00000, 0x0000000100000000)
  region size 1024K, 7 young (7168K), 7 survivors (7168K)
 Metaspace       used 179513K, capacity 186114K, committed 186380K, reserved 1212416K
  class space    used 21707K, capacity 24378K, committed 24420K, reserved 1048576K
}
Event: 19.861 GC heap before
{Heap before GC invocations=42 (full 0):
 garbage-first heap   total 287744K, used 219757K [0x00000000c0c00000, 0x0000000100000000)
  region size 1024K, 62 young (63488K), 7 survivors (7168K)
 Metaspace       used 182827K, capacity 189578K, committed 189708K, reserved 1214464K
  class space    used 22099K, capacity 24843K, committed 24932K, reserved 1048576K
}
Event: 19.871 GC heap after
{Heap after GC invocations=43 (full 0):
 garbage-first heap   total 287744K, used 167741K [0x00000000c0c00000, 0x0000000100000000)
  region size 1024K, 4 young (4096K), 4 survivors (4096K)
 Metaspace       used 182827K, capacity 189578K, committed 189708K, reserved 1214464K
  class space    used 22099K, capacity 24843K, committed 24932K, reserved 1048576K
}
Event: 21.078 GC heap before
{Heap before GC invocations=43 (full 0):
 garbage-first heap   total 287744K, used 228157K [0x00000000c0c00000, 0x0000000100000000)
  region size 1024K, 64 young (65536K), 4 survivors (4096K)
 Metaspace       used 194384K, capacity 201506K, committed 201740K, reserved 1224704K
  class space    used 23572K, capacity 26445K, committed 26468K, reserved 1048576K
}
Event: 21.091 GC heap after
{Heap after GC invocations=44 (full 0):
 garbage-first heap   total 287744K, used 173746K [0x00000000c0c00000, 0x0000000100000000)
  region size 1024K, 8 young (8192K), 8 survivors (8192K)
 Metaspace       used 194384K, capacity 201506K, committed 201740K, reserved 1224704K
  class space    used 23572K, capacity 26445K, committed 26468K, reserved 1048576K
}
Event: 22.078 GC heap before
{Heap before GC invocations=44 (full 0):
 garbage-first heap   total 287744K, used 215730K [0x00000000c0c00000, 0x0000000100000000)
  region size 1024K, 51 young (52224K), 8 survivors (8192K)
 Metaspace       used 203707K, capacity 210814K, committed 210956K, reserved 1232896K
  class space    used 24731K, capacity 27645K, committed 27748K, reserved 1048576K
}
Event: 22.097 GC heap after
{Heap after GC invocations=45 (full 0):
 garbage-first heap   total 287744K, used 180749K [0x00000000c0c00000, 0x0000000100000000)
  region size 1024K, 7 young (7168K), 7 survivors (7168K)
 Metaspace       used 203707K, capacity 210814K, committed 210956K, reserved 1232896K
  class space    used 24731K, capacity 27645K, committed 27748K, reserved 1048576K
}
Event: 85.966 GC heap before
{Heap before GC invocations=46 (full 0):
 garbage-first heap   total 287744K, used 228877K [0x00000000c0c00000, 0x0000000100000000)
  region size 1024K, 55 young (56320K), 7 survivors (7168K)
 Metaspace       used 207848K, capacity 215234K, committed 215404K, reserved 1236992K
  class space    used 25199K, capacity 28159K, committed 28208K, reserved 1048576K
}
Event: 85.981 GC heap after
{Heap after GC invocations=47 (full 0):
 garbage-first heap   total 287744K, used 186688K [0x00000000c0c00000, 0x0000000100000000)
  region size 1024K, 7 young (7168K), 7 survivors (7168K)
 Metaspace       used 207848K, capacity 215234K, committed 215404K, reserved 1236992K
  class space    used 25199K, capacity 28159K, committed 28208K, reserved 1048576K
}
Event: 108.338 GC heap before
{Heap before GC invocations=47 (full 0):
 garbage-first heap   total 287744K, used 193856K [0x00000000c0c00000, 0x0000000100000000)
  region size 1024K, 14 young (14336K), 7 survivors (7168K)
 Metaspace       used 207867K, capacity 215235K, committed 215404K, reserved 1236992K
  class space    used 25199K, capacity 28159K, committed 28208K, reserved 1048576K
}
Event: 108.359 GC heap after
{Heap after GC invocations=48 (full 0):
 garbage-first heap   total 287744K, used 182454K [0x00000000c0c00000, 0x0000000100000000)
  region size 1024K, 1 young (1024K), 1 survivors (1024K)
 Metaspace       used 207867K, capacity 215235K, committed 215404K, reserved 1236992K
  class space    used 25199K, capacity 28159K, committed 28208K, reserved 1048576K
}
Event: 196.978 GC heap before
{Heap before GC invocations=48 (full 0):
 garbage-first heap   total 287744K, used 231606K [0x00000000c0c00000, 0x0000000100000000)
  region size 1024K, 49 young (50176K), 1 survivors (1024K)
 Metaspace       used 209872K, capacity 217506K, committed 217836K, reserved 1239040K
  class space    used 25442K, capacity 28512K, committed 28592K, reserved 1048576K
}
Event: 196.986 GC heap after
{Heap after GC invocations=49 (full 0):
 garbage-first heap   total 287744K, used 182495K [0x00000000c0c00000, 0x0000000100000000)
  region size 1024K, 1 young (1024K), 1 survivors (1024K)
 Metaspace       used 209872K, capacity 217506K, committed 217836K, reserved 1239040K
  class space    used 25442K, capacity 28512K, committed 28592K, reserved 1048576K
}

